<?xml version="1.0" encoding="UTF-8"?>
<testng-results ignored="0" total="4" passed="3" failed="1" skipped="0">
  <reporter-output>
  </reporter-output>
  <suite started-at="2022-08-04T18:14:22 IST" name="Suite" finished-at="2022-08-04T18:16:22 IST" duration-ms="120541">
    <groups>
    </groups>
    <test started-at="2022-08-04T18:14:22 IST" name="Test" finished-at="2022-08-04T18:16:22 IST" duration-ms="120541">
      <class name="com.Dalvkot.vsshhms_TESTS.AppointmenbookingTest">
        <test-method signature="clickonCancelAfterFillingTheManadatoryFields()[pri:0, instance:com.Dalvkot.vsshhms_TESTS.AppointmenbookingTest@702b8b12]" started-at="2022-08-04T18:14:22 IST" name="clickonCancelAfterFillingTheManadatoryFields" finished-at="2022-08-04T18:14:40 IST" duration-ms="18366" status="PASS">
          <reporter-output>
          </reporter-output>
        </test-method> <!-- clickonCancelAfterFillingTheManadatoryFields -->
        <test-method signature="mobileNumberWithSpace()[pri:0, instance:com.Dalvkot.vsshhms_TESTS.AppointmenbookingTest@702b8b12]" started-at="2022-08-04T18:14:40 IST" name="mobileNumberWithSpace" finished-at="2022-08-04T18:15:19 IST" duration-ms="39199" status="PASS">
          <reporter-output>
          </reporter-output>
        </test-method> <!-- mobileNumberWithSpace -->
        <test-method signature="withoutEnteringAnythingClickOnSubmit()[pri:0, instance:com.Dalvkot.vsshhms_TESTS.AppointmenbookingTest@702b8b12]" started-at="2022-08-04T18:15:19 IST" name="withoutEnteringAnythingClickOnSubmit" finished-at="2022-08-04T18:15:52 IST" duration-ms="33101" status="PASS">
          <reporter-output>
          </reporter-output>
        </test-method> <!-- withoutEnteringAnythingClickOnSubmit -->
        <test-method signature="withoutenteringAnythingClickOnCancelButton()[pri:0, instance:com.Dalvkot.vsshhms_TESTS.AppointmenbookingTest@702b8b12]" started-at="2022-08-04T18:15:52 IST" name="withoutenteringAnythingClickOnCancelButton" finished-at="2022-08-04T18:16:22 IST" duration-ms="29804" status="FAIL">
          <exception class="org.openqa.selenium.WebDriverException">
            <message>
              <![CDATA[chrome not reachable
  (Session info: chrome=103.0.5060.134)
Build info: version: '3.141.59', revision: 'e82be7d358', time: '2018-11-14T08:17:03'
System info: host: 'ITDVK-IMP002L', ip: '192.168.1.40', os.name: 'Windows 10', os.arch: 'amd64', os.version: '10.0', java.version: '17.0.3'
Driver info: org.openqa.selenium.chrome.ChromeDriver
Capabilities {acceptInsecureCerts: false, browserName: chrome, browserVersion: 103.0.5060.134, chrome: {chromedriverVersion: 103.0.5060.134 (8ec6fce403b..., userDataDir: C:\Users\SUDARS~1\AppData\L...}, goog:chromeOptions: {debuggerAddress: localhost:57768}, javascriptEnabled: true, networkConnectionEnabled: false, pageLoadStrategy: normal, platform: WINDOWS, platformName: WINDOWS, proxy: Proxy(), setWindowRect: true, strictFileInteractability: false, timeouts: {implicit: 0, pageLoad: 300000, script: 30000}, unhandledPromptBehavior: dismiss and notify, webauthn:extension:credBlob: true, webauthn:extension:largeBlob: true, webauthn:virtualAuthenticators: true}
Session ID: 8a35415ba277f8b94ec18b5c43558f83
*** Element info: {Using=xpath, value=//button[@class='btn btn-primary btn-round btn-simple']}]]>
            </message>
            <full-stacktrace>
              <![CDATA[org.openqa.selenium.WebDriverException: chrome not reachable
  (Session info: chrome=103.0.5060.134)
Build info: version: '3.141.59', revision: 'e82be7d358', time: '2018-11-14T08:17:03'
System info: host: 'ITDVK-IMP002L', ip: '192.168.1.40', os.name: 'Windows 10', os.arch: 'amd64', os.version: '10.0', java.version: '17.0.3'
Driver info: org.openqa.selenium.chrome.ChromeDriver
Capabilities {acceptInsecureCerts: false, browserName: chrome, browserVersion: 103.0.5060.134, chrome: {chromedriverVersion: 103.0.5060.134 (8ec6fce403b..., userDataDir: C:\Users\SUDARS~1\AppData\L...}, goog:chromeOptions: {debuggerAddress: localhost:57768}, javascriptEnabled: true, networkConnectionEnabled: false, pageLoadStrategy: normal, platform: WINDOWS, platformName: WINDOWS, proxy: Proxy(), setWindowRect: true, strictFileInteractability: false, timeouts: {implicit: 0, pageLoad: 300000, script: 30000}, unhandledPromptBehavior: dismiss and notify, webauthn:extension:credBlob: true, webauthn:extension:largeBlob: true, webauthn:virtualAuthenticators: true}
Session ID: 8a35415ba277f8b94ec18b5c43558f83
*** Element info: {Using=xpath, value=//button[@class='btn btn-primary btn-round btn-simple']}
at java.base/jdk.internal.reflect.NativeConstructorAccessorImpl.newInstance0(Native Method)
at java.base/jdk.internal.reflect.NativeConstructorAccessorImpl.newInstance(NativeConstructorAccessorImpl.java:77)
at java.base/jdk.internal.reflect.DelegatingConstructorAccessorImpl.newInstance(DelegatingConstructorAccessorImpl.java:45)
at java.base/java.lang.reflect.Constructor.newInstanceWithCaller(Constructor.java:499)
at java.base/java.lang.reflect.Constructor.newInstance(Constructor.java:480)
at org.openqa.selenium.remote.http.W3CHttpResponseCodec.createException(W3CHttpResponseCodec.java:187)
at org.openqa.selenium.remote.http.W3CHttpResponseCodec.decode(W3CHttpResponseCodec.java:122)
at org.openqa.selenium.remote.http.W3CHttpResponseCodec.decode(W3CHttpResponseCodec.java:49)
at org.openqa.selenium.remote.HttpCommandExecutor.execute(HttpCommandExecutor.java:158)
at org.openqa.selenium.remote.service.DriverCommandExecutor.execute(DriverCommandExecutor.java:83)
at org.openqa.selenium.remote.RemoteWebDriver.execute(RemoteWebDriver.java:552)
at org.openqa.selenium.remote.RemoteWebDriver.findElement(RemoteWebDriver.java:323)
at org.openqa.selenium.remote.RemoteWebDriver.findElementByXPath(RemoteWebDriver.java:428)
at org.openqa.selenium.By$ByXPath.findElement(By.java:353)
at org.openqa.selenium.remote.RemoteWebDriver.findElement(RemoteWebDriver.java:315)
at com.Dalvkot.vsshhms_TESTS.AppointmenbookingTest.withoutenteringAnythingClickOnCancelButton(AppointmenbookingTest.java:151)
at java.base/jdk.internal.reflect.NativeMethodAccessorImpl.invoke0(Native Method)
at java.base/jdk.internal.reflect.NativeMethodAccessorImpl.invoke(NativeMethodAccessorImpl.java:77)
at java.base/jdk.internal.reflect.DelegatingMethodAccessorImpl.invoke(DelegatingMethodAccessorImpl.java:43)
at java.base/java.lang.reflect.Method.invoke(Method.java:568)
at org.testng.internal.MethodInvocationHelper.invokeMethod(MethodInvocationHelper.java:133)
at org.testng.internal.TestInvoker.invokeMethod(TestInvoker.java:598)
at org.testng.internal.TestInvoker.invokeTestMethod(TestInvoker.java:173)
at org.testng.internal.MethodRunner.runInSequence(MethodRunner.java:46)
at org.testng.internal.TestInvoker$MethodInvocationAgent.invoke(TestInvoker.java:824)
at org.testng.internal.TestInvoker.invokeTestMethods(TestInvoker.java:146)
at org.testng.internal.TestMethodWorker.invokeTestMethods(TestMethodWorker.java:146)
at org.testng.internal.TestMethodWorker.run(TestMethodWorker.java:128)
at java.base/java.util.ArrayList.forEach(ArrayList.java:1511)
at org.testng.TestRunner.privateRun(TestRunner.java:794)
at org.testng.TestRunner.run(TestRunner.java:596)
at org.testng.SuiteRunner.runTest(SuiteRunner.java:377)
at org.testng.SuiteRunner.runSequentially(SuiteRunner.java:371)
at org.testng.SuiteRunner.privateRun(SuiteRunner.java:332)
at org.testng.SuiteRunner.run(SuiteRunner.java:276)
at org.testng.SuiteRunnerWorker.runSuite(SuiteRunnerWorker.java:53)
at org.testng.SuiteRunnerWorker.run(SuiteRunnerWorker.java:96)
at org.testng.TestNG.runSuitesSequentially(TestNG.java:1212)
at org.testng.TestNG.runSuitesLocally(TestNG.java:1134)
at org.testng.TestNG.runSuites(TestNG.java:1063)
at org.testng.TestNG.run(TestNG.java:1031)
at org.testng.remote.AbstractRemoteTestNG.run(AbstractRemoteTestNG.java:115)
at org.testng.remote.RemoteTestNG.initAndRun(RemoteTestNG.java:251)
at org.testng.remote.RemoteTestNG.main(RemoteTestNG.java:77)
]]>
            </full-stacktrace>
          </exception> <!-- org.openqa.selenium.WebDriverException -->
          <reporter-output>
          </reporter-output>
        </test-method> <!-- withoutenteringAnythingClickOnCancelButton -->
      </class> <!-- com.Dalvkot.vsshhms_TESTS.AppointmenbookingTest -->
    </test> <!-- Test -->
  </suite> <!-- Suite -->
</testng-results>
